{"/Users/constantine_quantum/Projects/makers-code-quality/bank-tect-test/spec/unit/BankTechSpec.js":{"path":"/Users/constantine_quantum/Projects/makers-code-quality/bank-tect-test/spec/unit/BankTechSpec.js","s":{"1":1,"2":1,"3":1,"4":1,"5":1,"6":1,"7":6,"8":1,"9":1,"10":1,"11":1,"12":1,"13":1,"14":1,"15":1,"16":1,"17":1,"18":1,"19":1,"20":1,"21":1,"22":1,"23":1,"24":1,"25":1,"26":1},"b":{},"f":{"1":1,"2":6,"3":1,"4":1,"5":1,"6":1,"7":1,"8":1,"9":1,"10":1,"11":1},"fnMap":{"1":{"name":"(anonymous_1)","line":3,"loc":{"start":{"line":3,"column":21},"end":{"line":3,"column":32}}},"2":{"name":"(anonymous_2)","line":8,"loc":{"start":{"line":8,"column":15},"end":{"line":8,"column":26}}},"3":{"name":"(anonymous_3)","line":12,"loc":{"start":{"line":12,"column":33},"end":{"line":12,"column":44}}},"4":{"name":"(anonymous_4)","line":13,"loc":{"start":{"line":13,"column":52},"end":{"line":13,"column":63}}},"5":{"name":"(anonymous_5)","line":17,"loc":{"start":{"line":17,"column":72},"end":{"line":17,"column":83}}},"6":{"name":"(anonymous_6)","line":23,"loc":{"start":{"line":23,"column":38},"end":{"line":23,"column":49}}},"7":{"name":"(anonymous_7)","line":24,"loc":{"start":{"line":24,"column":74},"end":{"line":24,"column":85}}},"8":{"name":"(anonymous_8)","line":28,"loc":{"start":{"line":28,"column":57},"end":{"line":28,"column":68}}},"9":{"name":"(anonymous_9)","line":34,"loc":{"start":{"line":34,"column":41},"end":{"line":34,"column":52}}},"10":{"name":"(anonymous_10)","line":35,"loc":{"start":{"line":35,"column":77},"end":{"line":35,"column":88}}},"11":{"name":"(anonymous_11)","line":39,"loc":{"start":{"line":39,"column":78},"end":{"line":39,"column":89}}}},"statementMap":{"1":{"start":{"line":1,"column":0},"end":{"line":1,"column":47}},"2":{"start":{"line":3,"column":0},"end":{"line":45,"column":2}},"3":{"start":{"line":4,"column":4},"end":{"line":4,"column":17}},"4":{"start":{"line":5,"column":4},"end":{"line":5,"column":31}},"5":{"start":{"line":6,"column":4},"end":{"line":6,"column":34}},"6":{"start":{"line":8,"column":4},"end":{"line":10,"column":6}},"7":{"start":{"line":9,"column":8},"end":{"line":9,"column":34}},"8":{"start":{"line":12,"column":4},"end":{"line":21,"column":6}},"9":{"start":{"line":13,"column":8},"end":{"line":15,"column":11}},"10":{"start":{"line":14,"column":12},"end":{"line":14,"column":48}},"11":{"start":{"line":17,"column":8},"end":{"line":20,"column":11}},"12":{"start":{"line":18,"column":12},"end":{"line":18,"column":58}},"13":{"start":{"line":19,"column":12},"end":{"line":19,"column":57}},"14":{"start":{"line":23,"column":4},"end":{"line":32,"column":6}},"15":{"start":{"line":24,"column":8},"end":{"line":26,"column":11}},"16":{"start":{"line":25,"column":12},"end":{"line":25,"column":51}},"17":{"start":{"line":28,"column":8},"end":{"line":31,"column":11}},"18":{"start":{"line":29,"column":12},"end":{"line":29,"column":45}},"19":{"start":{"line":30,"column":12},"end":{"line":30,"column":70}},"20":{"start":{"line":34,"column":4},"end":{"line":44,"column":6}},"21":{"start":{"line":35,"column":8},"end":{"line":37,"column":11}},"22":{"start":{"line":36,"column":12},"end":{"line":36,"column":52}},"23":{"start":{"line":39,"column":8},"end":{"line":43,"column":11}},"24":{"start":{"line":40,"column":12},"end":{"line":40,"column":45}},"25":{"start":{"line":41,"column":12},"end":{"line":41,"column":49}},"26":{"start":{"line":42,"column":12},"end":{"line":42,"column":90}}},"branchMap":{}},"/Users/constantine_quantum/Projects/makers-code-quality/bank-tect-test/lib/BankTech.js":{"path":"/Users/constantine_quantum/Projects/makers-code-quality/bank-tect-test/lib/BankTech.js","s":{"1":6,"2":3,"3":2,"4":1,"5":1},"b":{},"f":{"1":6,"2":3,"3":2,"4":1},"fnMap":{"1":{"name":"(anonymous_1)","line":2,"loc":{"start":{"line":2,"column":15},"end":{"line":2,"column":18}}},"2":{"name":"(anonymous_2)","line":6,"loc":{"start":{"line":6,"column":18},"end":{"line":6,"column":21}}},"3":{"name":"(anonymous_3)","line":10,"loc":{"start":{"line":10,"column":11},"end":{"line":10,"column":20}}},"4":{"name":"(anonymous_4)","line":14,"loc":{"start":{"line":14,"column":12},"end":{"line":14,"column":21}}}},"statementMap":{"1":{"start":{"line":3,"column":8},"end":{"line":3,"column":25}},"2":{"start":{"line":7,"column":8},"end":{"line":7,"column":28}},"3":{"start":{"line":11,"column":8},"end":{"line":11,"column":31}},"4":{"start":{"line":15,"column":8},"end":{"line":15,"column":31}},"5":{"start":{"line":19,"column":0},"end":{"line":19,"column":26}}},"branchMap":{}},"/Users/constantine_quantum/Projects/makers-code-quality/bank-tect-test/spec/helpers/js-console.js":{"path":"/Users/constantine_quantum/Projects/makers-code-quality/bank-tect-test/spec/helpers/js-console.js","s":{"1":0,"2":0,"3":0},"b":{},"f":{},"fnMap":{},"statementMap":{"1":{"start":{"line":1,"column":0},"end":{"line":1,"column":62}},"2":{"start":{"line":3,"column":0},"end":{"line":3,"column":34}},"3":{"start":{"line":4,"column":0},"end":{"line":4,"column":54}}},"branchMap":{}}}